e:\科研\flowmodel-program\swmm-and-lisflood-fp-master\lisflood_lib\x64\release\vc142.pdb
e:\科研\flowmodel-program\swmm-and-lisflood-fp-master\lisflood_lib\x64\release\weir_flow.obj
e:\科研\flowmodel-program\swmm-and-lisflood-fp-master\lisflood_lib\x64\release\util.obj
e:\科研\flowmodel-program\swmm-and-lisflood-fp-master\lisflood_lib\x64\release\sgc.obj
e:\科研\flowmodel-program\swmm-and-lisflood-fp-master\lisflood_lib\x64\release\por_flow.obj
e:\科研\flowmodel-program\swmm-and-lisflood-fp-master\lisflood_lib\x64\release\pars.obj
e:\科研\flowmodel-program\swmm-and-lisflood-fp-master\lisflood_lib\x64\release\lisflood.obj
e:\科研\flowmodel-program\swmm-and-lisflood-fp-master\lisflood_lib\x64\release\lib_bmi.obj
e:\科研\flowmodel-program\swmm-and-lisflood-fp-master\lisflood_lib\x64\release\iterateq.obj
e:\科研\flowmodel-program\swmm-and-lisflood-fp-master\lisflood_lib\x64\release\input.obj
e:\科研\flowmodel-program\swmm-and-lisflood-fp-master\lisflood_lib\x64\release\infevap.obj
e:\科研\flowmodel-program\swmm-and-lisflood-fp-master\lisflood_lib\x64\release\fp_trent.obj
e:\科研\flowmodel-program\swmm-and-lisflood-fp-master\lisflood_lib\x64\release\fp_flow.obj
e:\科研\flowmodel-program\swmm-and-lisflood-fp-master\lisflood_lib\x64\release\fp_acc.obj
e:\科研\flowmodel-program\swmm-and-lisflood-fp-master\lisflood_lib\x64\release\ch_flow.obj
e:\科研\flowmodel-program\swmm-and-lisflood-fp-master\lisflood_lib\x64\release\chkpnt.obj
e:\科研\flowmodel-program\swmm-and-lisflood-fp-master\lisflood_lib\x64\release\boundary.obj
e:\科研\flowmodel-program\swmm-and-lisflood-fp-master\lisflood_lib\x64\release\lisflood.tlog\cl.command.1.tlog
e:\科研\flowmodel-program\swmm-and-lisflood-fp-master\lisflood_lib\x64\release\lisflood.tlog\cl.read.1.tlog
e:\科研\flowmodel-program\swmm-and-lisflood-fp-master\lisflood_lib\x64\release\lisflood.tlog\cl.write.1.tlog
