  boundary.cpp
  chkpnt.cpp
  ch_flow.cpp
  finalize.cpp
  fp_acc.cpp
  fp_flow.cpp
  fp_trent.cpp
  infevap.cpp
  initialize.cpp
  input.cpp
E:\Program\SWMM-and-LISFLOOD-FP-master\LISFLOOD_Lib\src\input.cpp(331,45): warning C4267: “=”: 从“size_t”转换到“int”，可能丢失数据
E:\Program\SWMM-and-LISFLOOD-FP-master\LISFLOOD_Lib\src\input.cpp(344,47): warning C4267: “=”: 从“size_t”转换到“int”，可能丢失数据
E:\Program\SWMM-and-LISFLOOD-FP-master\LISFLOOD_Lib\src\input.cpp(789,59): warning C4267: “=”: 从“size_t”转换到“int”，可能丢失数据
E:\Program\SWMM-and-LISFLOOD-FP-master\LISFLOOD_Lib\src\input.cpp(837,33): warning C4267: “=”: 从“size_t”转换到“int”，可能丢失数据
  iterateq.cpp
  lib_bmi.cpp
E:\Program\SWMM-and-LISFLOOD-FP-master\LISFLOOD_Lib\src\lib_bmi.cpp(213,14): warning C4244: “初始化”: 从“double”转换到“int”，可能丢失数据
  lisflood.cpp
  output.cpp
  pars.cpp
  por_flow.cpp
  sgc.cpp
  update.cpp
  util.cpp
  weir_flow.cpp
    正在创建库 E:\Program\SWMM-and-LISFLOOD-FP-master\x64\Release\lisflood.lib 和对象 E:\Program\SWMM-and-LISFLOOD-FP-master\x64\Release\lisflood.exp
  正在生成代码
  Previous IPDB and IOBJ mismatch, fall back to full compilation.
  All 369 functions were compiled because no usable IPDB/IOBJ from previous compilation was found.
  已完成代码的生成
  lisflood.vcxproj -> E:\Program\SWMM-and-LISFLOOD-FP-master\x64\Release\lisflood.dll
